/app/ai_client/ai_game_client.py:469: DeprecationWarning: There is no current event loop
  loop = asyncio.get_event_loop()
2026-03-12 09:23:12,016 - INFO - 启动 Godot 进程...
2026-03-12 09:23:12,020 - INFO - Godot PID: 4612
2026-03-12 09:23:12,020 - INFO - 等待 Godot 就绪...
2026-03-12 09:23:13,827 - INFO - Godot 已就绪
2026-03-12 09:23:13,827 - INFO - 连接 WebSocket: ws://127.0.0.1:10001
2026-03-12 09:23:13,865 - INFO - HTTP 服务器已启动: http://127.0.0.1:8080
2026-03-12 09:23:13,865 - INFO - HTTP API: http://127.0.0.1:8080
2026-03-12 09:23:41,679 - INFO - 127.0.0.1 [12/Mar/2026:09:23:41 +0000] "POST /action HTTP/1.1" 200 322 "-" "python-requests/2.32.5"
2026-03-12 09:23:42,684 - INFO - 127.0.0.1 [12/Mar/2026:09:23:42 +0000] "POST /action HTTP/1.1" 200 322 "-" "python-requests/2.32.5"
2026-03-12 09:23:43,690 - INFO - 127.0.0.1 [12/Mar/2026:09:23:43 +0000] "POST /action HTTP/1.1" 200 322 "-" "python-requests/2.32.5"
2026-03-12 09:23:46,696 - INFO - 127.0.0.1 [12/Mar/2026:09:23:46 +0000] "GET /observations?after_seq=0&limit=500 HTTP/1.1" 200 34383 "-" "python-requests/2.32.5"
2026-03-12 09:23:55,947 - INFO - 127.0.0.1 [12/Mar/2026:09:23:55 +0000] "GET /observations?after_seq=0&limit=500 HTTP/1.1" 200 35224 "-" "python-requests/2.32.5"
2026-03-12 09:24:02,050 - INFO - 127.0.0.1 [12/Mar/2026:09:24:02 +0000] "GET /observations?after_seq=0&limit=500 HTTP/1.1" 200 37339 "-" "python-requests/2.32.5"
2026-03-12 09:24:10,073 - INFO - 正在清理...
2026-03-12 09:24:10,073 - INFO - HTTP 服务器已停止
2026-03-12 09:24:10,093 - INFO - 已清理
[Godot] Godot Engine v4.5.1.stable.official.f62fdbde1 - https://godotengine.org
[Godot]
[Godot] Game data loaded successfully.
[Godot] [WaveSystemManager] Wave config loaded successfully
[Godot] [AILogger] AI 日志系统已初始化
[Godot] [38;2;52;152;219m[连接] 使用自定义端口 - 10001[39m[0m
[Godot] [38;2;46;204;113m[事件] AI 模式已激活，设置游戏速度为: 0.5[39m[0m
[Godot] [38;2;46;204;113m[事件] 游戏信号已连接[39m[0m
[Godot] [ScreenshotManager] Headless mode detected, disabling screenshot automation.
[Godot] [CoreSelection] AI模式已启用，等待AI选择图腾...
[Godot] [CoreSelection] AIManager已就绪，等待AI客户端连接...
[Godot] [38;2;46;204;113m[事件] AIEventsTracker: 战斗机制信号已连接[39m[0m
[Godot] [38;2;243;156;18m[动作] ActionDispatcher已连接到 AIManager[39m[0m
[Godot] [38;2;52;152;219m[连接] 服务器已启动 - 监听端口 10001[39m[0m
[Godot] [38;2;52;152;219m[连接] 收到TCP连接 - 等待WebSocket握手...[39m[0m
[Godot] [38;2;52;152;219m[连接] 客户端已连接 - WebSocket握手成功[39m[0m

============================================================
Godot AI 客户端已启动 - Headless 模式
============================================================
HTTP 控制端口: 8080
Godot WebSocket 端口: 10001
Session ID: 20260312_092312_80557caf
事件日志文件: logs/ai_session_20260312_092312_80557caf.jsonl

发送动作示例:
  curl -X POST http://127.0.0.1:8080/action \
       -H "Content-Type: application/json" \
       -d '{"request_id":"demo-1","actions":[{"type":"start_wave"}]}'

读取观测示例:
  curl 'http://127.0.0.1:8080/observations?after_seq=0&limit=200&wait_ms=200'

按 Ctrl+C 停止
============================================================

[Godot] [CoreSelection] AI客户端已连接，发送图腾选项...
[Godot] [CoreSelection] 图腾选项已发送，等待AI选择...
[Godot] [38;2;52;152;219m[网络][接收] "{\"actions\": [{\"type\": \"select_totem\", \"totem_id\": \"wolf_totem\"}], \"request_id\": \"1ba4fdc5192043d0a477383c52d749b8\"}"[39m[0m
[Godot] [38;2;243;156;18m[动作] ActionDispatcher 开始分发 1 个动作 (request_id=1ba4fdc5192043d0a477383c52d749b8)[39m[0m
[Godot] [CoreSelection] 收到 totem_confirmed 信号: wolf_totem
[Godot] [CoreSelection] 游戏已恢复
[Godot] [CoreSelection] 初始化游戏会话...
[Godot] [CoreSelection] 初始化商店...
[Godot] [Narrative] 【商店刷新】当前商店提供: snowman(60金币)，snowman(60金币)，spider(40金币)，blood_meat(50金币)。
[Godot] [CoreSelection] 游戏会话初始化完成
[Godot] WARNING: res://src/Scenes/Game/MainGame.tscn:3 - ext_resource, invalid UID: uid://yevi5jhibo13 - using text path instead: res://src/Scripts/MainGame.gd
[Godot]      at: load (scene/resources/resource_format_text.cpp:444)
[Godot]      GDScript backtrace (most recent call first):
[Godot]          [0] _on_totem_confirmed (res://src/Scripts/UI/CoreSelection.gd:60)
[Godot]          [1] _action_select_totem (res://src/Autoload/ActionDispatcher.gd:100)
[Godot]          [2] _execute_action (res://src/Autoload/ActionDispatcher.gd:68)
[Godot]          [3] _on_actions_received (res://src/Autoload/ActionDispatcher.gd:33)
[Godot]          [4] _handle_client_message (res://src/Autoload/AIManager.gd:279)
[Godot]          [5] _process (res://src/Autoload/AIManager.gd:130)
[Godot] WARNING: res://src/Scenes/UI/MainGUI.tscn:8 - ext_resource, invalid UID: uid://inventorypanel - using text path instead: res://src/Scenes/UI/InventoryPanel.tscn
[Godot]      at: load (scene/resources/resource_format_text.cpp:444)
[Godot]      GDScript backtrace (most recent call first):
[Godot]          [0] _on_totem_confirmed (res://src/Scripts/UI/CoreSelection.gd:60)
[Godot]          [1] _action_select_totem (res://src/Autoload/ActionDispatcher.gd:100)
[Godot]          [2] _execute_action (res://src/Autoload/ActionDispatcher.gd:68)
[Godot]          [3] _on_actions_received (res://src/Autoload/ActionDispatcher.gd:33)
[Godot]          [4] _handle_client_message (res://src/Autoload/AIManager.gd:279)
[Godot]          [5] _process (res://src/Autoload/AIManager.gd:130)
[Godot] WARNING: res://src/Scenes/UI/MainGUI.tscn:9 - ext_resource, invalid UID: uid://passiveskillbar - using text path instead: res://src/Scenes/UI/PassiveSkillBar.tscn
[Godot]      at: load (scene/resources/resource_format_text.cpp:444)
[Godot]      GDScript backtrace (most recent call first):
[Godot]          [0] _on_totem_confirmed (res://src/Scripts/UI/CoreSelection.gd:60)
[Godot]          [1] _action_select_totem (res://src/Autoload/ActionDispatcher.gd:100)
[Godot]          [2] _execute_action (res://src/Autoload/ActionDispatcher.gd:68)
[Godot]          [3] _on_actions_received (res://src/Autoload/ActionDispatcher.gd:33)
[Godot]          [4] _handle_client_message (res://src/Autoload/AIManager.gd:279)
[Godot]          [5] _process (res://src/Autoload/AIManager.gd:130)
[Godot] [CoreSelection] 正在切换到MainGame场景...
[Godot] Total Spawn Tiles: 20
[Godot] Generating tree border (Refactored)...
[Godot] [InventoryPanel] UI Ready initialized.
[Godot] [InventoryPanel] Creating dynamic ScrollContainer.
[Godot] [InventoryPanel] Connected to inventory_manager signal.
[Godot] [InventoryPanel] update_inventory called with data: [<null>, <null>, <null>, <null>, <null>, <null>, <null>, <null>]
[Godot] [MainGame] 场景加载完成，发送 TotemSelected 给 AI
[Godot] [38;2;52;152;219m[网络][接收] "{\"actions\": [{\"type\": \"cheat_set_shop_unit\", \"shop_index\": 0, \"unit_key\": \"warrior\"}, {\"type\": \"buy_unit\", \"shop_index\": 0}, {\"type\": \"move_unit\", \"from_zone\": \"bench\", \"fr...[39m[0m
[Godot] [38;2;243;156;18m[动作] ActionDispatcher 开始分发 3 个动作 (request_id=ec3aae03199b4bd29b13c9bb76ffba42)[39m[0m
[Godot] [38;2;231;76;60m[错误] 动作执行失败: 未知单位类型: warrior[39m[0m
[Godot] [BoardController] 购买单位: snowman, 价格: 60, 拥有金币: 140
[Godot] [Narrative] 【单位购买】购买了 snowman，放入了 bench 坐标 0
[Godot] [BoardController] try_move_unit: from_zone=bench, from_pos=0 (type=2), to_zone=grid, to_pos=(-1, 0) (type=6)
[Godot] [Narrative] 【单位部署】snowman 被放置在了坐标 (-1, 0)
[Godot] [38;2;52;152;219m[网络][接收] "{\"actions\": [{\"type\": \"start_wave\"}], \"request_id\": \"c0e9a1d34b7e4fd5bc7403e1a928e661\"}"[39m[0m
[Godot] [38;2;243;156;18m[动作] ActionDispatcher 开始分发 1 个动作 (request_id=c0e9a1d34b7e4fd5bc7403e1a928e661)[39m[0m
[Godot] [Narrative] 【波次事件】第 1 波战斗正式开始！
[Godot] [GameManager] Wave 1 started (Type: normal, Difficulty: 1.15)
[Godot] [38;2;46;204;113m[事件] 波次系统开始波次 1，立即通知AI客户端[39m[0m
[Godot] [WaveSystemManager] Wave 1 started (Type: normal, Difficulty: 1.15)
[Godot] [InventoryPanel] update_inventory called with data: [{ "item_id": "snowball_trap", "count": 1 }, <null>, <null>, <null>, <null>, <null>, <null>, <null>]
[Godot] [InventoryPanel] Warning: Missing icon for item: snowball_trap
[Godot] [GameManager] Risk-Reward Warning: Core HP critical (28.6%)
[Godot] [GameManager] Game Over triggered at wave 1
[Godot] [38;2;46;204;113m[事件] 游戏结束，发送 GameOver 事件给 AI[39m[0m
[Godot] [GameManager] Wave 1 ended (Duration: 17.61s, Defeated: 0/19)
[Godot] [GameManager] Game over, skipping upgrade selection
[Godot] [38;2;46;204;113m[事件] 波次系统结束波次 1，立即通知AI客户端[39m[0m
[Godot] [WaveSystemManager] Wave 1 ended (Duration: 17.61s, Defeated: 0/19)
[Godot] [38;2;52;152;219m[连接] 客户端已断开[39m[0m
