================================================================================
狼图腾流派全面测试报告 (TOTEM-WOLF-001)
================================================================================
测试时间: 2026-03-02
测试分支: master
测试图腾: wolf_totem
测试策略: 魂魄收割流

================================================================================
测试执行摘要
================================================================================

[测试步骤]
1. ✅ 启动Godot客户端成功
2. ✅ 选择wolf_totem图腾成功
3. ✅ 购买wolf单位并部署到(1,0)
4. ✅ 购买dog单位并部署到(-1,0)
5. ❌ 启动第1波战斗时发生崩溃

================================================================================
崩溃详情
================================================================================

错误类型: ERROR: Parameter "t" is null.
发生时机: 第1波战斗开始时

[崩溃前状态]
- 核心血量: 1100.0/1100.0
- 已部署单位: wolf(1,0), dog(-1,0)
- 金币: 0
- 图腾: wolf_totem

[崩溃分析]
通过对比蝙蝠图腾(MechanicBatTotem.gd)和狼图腾(MechanicWolfTotem.gd)的实现，
发现狼图腾的 _on_totem_attack 函数缺少关键检查：

蝙蝠图腾代码:
```gdscript
func _on_totem_attack():
    if !GameManager.is_wave_active: return  # <-- 缺少此行
    var targets = get_nearest_enemies(target_count)
    ...
```

狼图腾代码:
```gdscript
func _on_totem_attack():
    var targets = get_nearest_enemies(3)  # <-- 直接获取敌人
    var soul_bonus = TotemManager.get_resource(TOTEM_ID)
    for enemy in targets:
        var damage = base_damage + soul_bonus
        deal_damage(enemy, damage)  # <-- 可能操作无效敌人
```

问题原因:
当波次未激活时，敌人列表可能为空或包含无效节点。
狼图腾的定时器每5秒触发一次攻击，如果在波次未开始时触发，
get_nearest_enemies() 可能返回包含null或无效实例的数组，
导致 deal_damage 中出现 "Parameter 't' is null" 错误。

================================================================================
机制验证状态
================================================================================

由于崩溃发生在战斗开始前，以下机制未能验证:

待验证机制:
- ❌ 敌人阵亡时魂魄增加
- ❌ 单位被吞噬时的魂魄获取(10个)
- ❌ 图腾攻击附带魂魄数*100%伤害
- ❌ 羊灵的敌人阵亡克隆机制
- ❌ 狮子的圆形冲击波和震地猛击
- ❌ 血食的狼族光环和血魂充能
- ❌ 狐狸的魅惑和魂魄获取

已验证机制:
- ✅ 狼图腾选择成功
- ✅ 狼阵营单位购买正常 (wolf, dog)
- ✅ 单位部署到战场正常
- ✅ 核心血量计算正确 (基础500 + 单位HP)

================================================================================
代码级缺陷报告
================================================================================

缺陷ID: CRASH-WOLF-001
严重程度: 严重 (P0)
文件位置: src/Scripts/CoreMechanics/MechanicWolfTotem.gd
问题描述: _on_totem_attack 函数缺少波次状态检查
修复建议: 在函数开头添加 `if !GameManager.is_wave_active: return`

参考修复代码:
```gdscript
func _on_totem_attack():
    if !GameManager.is_wave_active: return
    var targets = get_nearest_enemies(3)
    var soul_bonus = TotemManager.get_resource(TOTEM_ID)
    for enemy in targets:
        if is_instance_valid(enemy):
            var damage = base_damage + soul_bonus
            deal_damage(enemy, damage)
```

================================================================================
测试结论
================================================================================

测试结果: 未通过 (存在代码级崩溃)

狼图腾流派测试因崩溃无法完成。需要修复 MechanicWolfTotem.gd 中的
_on_totem_attack 函数，添加波次状态检查后才能继续测试。

建议优先级:
1. 修复CRASH-WOLF-001崩溃问题
2. 重新执行狼图腾全面测试
3. 验证魂魄收割流完整机制

================================================================================
