【状态同步】当前核心血量：500.0/500.0
【图腾选择】请选择你的图腾。可用图腾包括：
- 狼图腾 (wolf_totem): 
- 牛图腾 (cow_totem): 
- 蝙蝠图腾 (bat_totem): 
- 毒蛇图腾 (viper_totem): 
- 蝴蝶图腾 (butterfly_totem): 
- 鹰之图腾 (eagle_totem): 
【商店刷新】当前商店提供: viper(30金币)，cauldron(35金币)，arrow_frog(80金币)，lucky_cat(100金币)。
【图腾选择完成】已选择图腾：viper_totem，游戏开始！
【状态同步】当前核心血量：500.0/500.0
【单位购买】购买了 viper，放入了 bench 坐标 0
【单位购买】购买了 cauldron，放入了 bench 坐标 1
【状态同步】当前核心血量：500.0/500.0
【单位部署】viper 被放置在了坐标 (1, 0)
【状态同步】当前核心血量：650.0/650.0
【波次事件】第 1 波战斗正式开始！
【状态同步】当前核心血量：650.0/650.0
【敌方阵亡】敌人 slime 被消灭了。
【敌方阵亡】敌人 slime 被消灭了。
【敌方阵亡】敌人 slime 被消灭了。
【敌方阵亡】敌人 slime 被消灭了。
【敌方阵亡】敌人 slime 被消灭了。
【敌方阵亡】敌人 slime 被消灭了。
【敌方阵亡】敌人 slime 被消灭了。
【敌方阵亡】敌人 slime 被消灭了。
【敌方阵亡】敌人 slime 被消灭了。
【敌方阵亡】敌人 slime 被消灭了。
【状态同步】当前核心血量：150.0/650.0
【系统提示】游戏结束，图腾核心已被摧毁！
