【状态同步】当前核心血量：500.0/500.0
【图腾选择】请选择你的图腾。可用图腾包括：
- 狼图腾 (wolf_totem): 
- 牛图腾 (cow_totem): 
- 蝙蝠图腾 (bat_totem): 
- 毒蛇图腾 (viper_totem): 
- 蝴蝶图腾 (butterfly_totem): 
- 鹰之图腾 (eagle_totem): 
【商店刷新】当前商店提供: wolf(100金币)，dog(30金币)，lion(90金币)，enemy_clone(0金币)。
【图腾选择完成】已选择图腾：wolf_totem，游戏开始！
【单位购买】购买了 wolf，放入了 bench 坐标 0
【状态同步】当前核心血量：500.0/500.0
【单位部署】wolf 被放置在了坐标 (1, 0)
【单位购买】购买了 dog，放入了 bench 坐标 0
【状态同步】当前核心血量：800.0/800.0
【单位部署】dog 被放置在了坐标 (-1, 0)
【状态同步】当前核心血量：1100.0/1100.0
【商店刷新】当前商店提供: eel(70金币)，bear(65金币)，meat(10金币)，mushroom_healer(50金币)。
【状态同步】当前核心血量：1100.0/1100.0
【状态同步】当前核心血量：1100.0/1100.0
【波次事件】第 1 波战斗正式开始！
【系统严重报错】检测到 Godot 引擎崩溃：
错误类型：ERROR: Parameter "t" is null.
堆栈：
ERROR: Parameter "t" is null.
