[2026-03-02 08:02:01.430] [SYSTEM] 
================================================================================
[2026-03-02 08:02:01.430] [SYSTEM] 开始执行狼图腾全面测试套件
[2026-03-02 08:02:01.430] [SYSTEM] 重点: CRASH-WOLF-001修复验证
[2026-03-02 08:02:01.430] [SYSTEM] ================================================================================
[2026-03-02 08:02:01.430] [SYSTEM] ================================================================================
[2026-03-02 08:02:01.430] [SYSTEM] 启动狼图腾流派全面测试 (TOTEM-WOLF-001)
[2026-03-02 08:02:01.430] [SYSTEM] CRASH-WOLF-001修复验证: 波次状态检查
[2026-03-02 08:02:01.430] [SYSTEM] ================================================================================
[2026-03-02 08:02:01.430] [SYSTEM] 启动命令: python3 ai_client/ai_game_client.py --project . --scene res://src/Scenes/UI/CoreSelection.tscn --http-port 8088
[2026-03-02 08:02:01.430] [SYSTEM] 等待AI客户端启动...
[2026-03-02 08:02:06.438] [SYSTEM] AI客户端连接成功
[2026-03-02 08:02:09.441] [TEST] 
================================================================================
[2026-03-02 08:02:09.441] [TEST] 【测试1】选择狼图腾 (wolf_totem)
[2026-03-02 08:02:09.442] [TEST] ================================================================================
[2026-03-02 08:02:09.444] [DEBUG] 响应: {'status': 'ok', 'message': 'Actions sent'}
[2026-03-02 08:02:11.448] [OBSERVATION] [OBS] 【状态同步】当前核心血量：500.0/500.0
[2026-03-02 08:02:11.449] [OBSERVATION] [OBS] 【图腾选择】请选择你的图腾。可用图腾包括：
- 狼图腾 (wolf_totem): 
- 牛图腾 (cow_totem): 
- 蝙蝠图腾 (bat_totem): 
- 毒蛇图腾 (viper_totem): 
- 蝴蝶图腾 (butterfly_totem): 
- 鹰之图腾 (eagle_totem): 
[2026-03-02 08:02:11.449] [OBSERVATION] [OBS] 【商店刷新】当前商店提供: squirrel(15金币)，octopus(60金币)，dragon(200金币)，spider(40金币)。
[2026-03-02 08:02:11.449] [OBSERVATION] [OBS] 【图腾选择完成】已选择图腾：wolf_totem，游戏开始！
[2026-03-02 08:02:11.950] [VALIDATION] ✅ [图腾选择] 狼图腾选择成功
[2026-03-02 08:02:13.952] [TEST] 
================================================================================
[2026-03-02 08:02:13.952] [TEST] 【测试2】购买狼流派单位
[2026-03-02 08:02:13.952] [TEST] 目标单位: 羊灵、狮子、血食、鬣狗、狐狸、猛虎、恶霸犬
[2026-03-02 08:02:13.952] [TEST] ================================================================================
[2026-03-02 08:02:13.954] [DEBUG] 购买槽位 0: {'status': 'ok', 'message': 'Actions sent'}
[2026-03-02 08:02:13.954] [INFO] 成功购买槽位 0 的单位
[2026-03-02 08:02:14.457] [DEBUG] 购买槽位 1: {'status': 'ok', 'message': 'Actions sent'}
[2026-03-02 08:02:14.457] [INFO] 成功购买槽位 1 的单位
[2026-03-02 08:02:14.959] [DEBUG] 购买槽位 2: {'status': 'ok', 'message': 'Actions sent'}
[2026-03-02 08:02:14.959] [INFO] 成功购买槽位 2 的单位
[2026-03-02 08:02:15.462] [DEBUG] 购买槽位 3: {'status': 'ok', 'message': 'Actions sent'}
[2026-03-02 08:02:15.462] [INFO] 成功购买槽位 3 的单位
[2026-03-02 08:02:15.965] [DEBUG] 刷新商店: {'status': 'ok', 'message': 'Actions sent'}
