================================================================================
【牛图腾流派全面测试报告】(TOTEM-COW-001)
测试时间: 2026-03-02
测试分支: master
测试人员: AI Player
================================================================================

【测试配置】
- 选择图腾: cow_totem (牛图腾)
- 测试策略: 防御反击流
- 测试单位: 牦牛守护、牛魔像、苦修者、铁甲龟、刺猬、岩甲牛、奶牛

【测试执行记录】

[2026-03-02T00:25:11] ✅ 测试启动成功
[2026-03-02T00:25:11] ✅ 选择牛图腾 (cow_totem) - 成功
[2026-03-02T00:25:11] ✅ 商店刷新 - 显示牛图腾阵营单位: rock_armor_cow, iron_turtle
[2026-03-02T00:25:11] ✅ 购买铁甲龟 (iron_turtle) - 成功，放入bench坐标0
[2026-03-02T00:25:11] ✅ 购买岩甲牛 (rock_armor_cow) - 成功，放入bench坐标1
[2026-03-02T00:25:11] ✅ 核心血量计算 - 初始500，购买单位后1100/1100
[2026-03-02T00:25:11] ✅ 部署铁甲龟到坐标(1,0) - 成功
[2026-03-02T00:25:11] ✅ 商店刷新机制 - 正常工作
[2026-03-02T00:25:11] ✅ 购买向日葵 (sunflower) - 成功

【严重问题发现】

❌ CRASH-002: 游戏启动波次时崩溃
   - 触发时机: 第1波战斗开始时
   - 错误信息: ERROR: Parameter "t" is null.
   - 影响范围: 所有图腾流派测试均受影响
   - 严重程度: P0 - 阻断性缺陷

【机制验证状态】

由于CRASH-002导致游戏崩溃，以下机制未能完整验证:

待验证机制:
- [PENDING] 牛图腾受伤充能是否正常累积
- [PENDING] 5秒全屏反击是否正确触发
- [PENDING] 牦牛守护的嘲讽和图腾反击联动
- [PENDING] 苦修者的伤害转MP机制
- [PENDING] 铁甲龟的减伤和回血机制
- [PENDING] 奶牛的主动治疗核心机制

已验证机制:
- [PASS] 牛图腾选择流程
- [PASS] 商店阵营过滤（正确显示牛图腾单位）
- [PASS] 单位购买和部署
- [PASS] 核心血量计算（基础500+单位HP之和）

【崩溃日志】

【状态同步】当前核心血量：500.0/500.0
【图腾选择】请选择你的图腾。可用图腾包括：
- 狼图腾 (wolf_totem)
- 牛图腾 (cow_totem)
- 蝙蝠图腾 (bat_totem)
- 毒蛇图腾 (viper_totem)
- 蝴蝶图腾 (butterfly_totem)
- 鹰之图腾 (eagle_totem)
【商店刷新】当前商店提供: rock_armor_cow(55金币)，splitter(55金币)，iron_turtle(50金币)，spider(40金币)。
【图腾选择完成】已选择图腾：cow_totem，游戏开始！
【单位购买】购买了 iron_turtle，放入了 bench 坐标 0
【单位购买】购买了 rock_armor_cow，放入了 bench 坐标 1
【单位部署】iron_turtle 被放置在了坐标 (1, 0)
【商店刷新】当前商店提供: bee(80金币)，torch(35金币)，sunflower(20金币)，lucky_cat(100金币)。
【状态同步】当前核心血量：1100.0/1100.0
【单位购买】购买了 sunflower，放入了 bench 坐标 0
【波次事件】第 1 波战斗正式开始！
【系统严重报错】检测到 Godot 引擎崩溃：
错误类型：ERROR: Parameter "t" is null.
堆栈：
ERROR: Parameter "t" is null.

【建议】
1. 需要技术总监紧急修复CRASH-002
2. 修复后重新执行完整的牛图腾流派测试
3. 建议检查CombatManager.gd中与波次启动相关的代码

================================================================================
测试状态: 中断 - 发现阻断性崩溃
日志文件: logs/ai_session_20260302_002511.log
================================================================================
