[00:00:00.000] 【状态同步】当前核心血量：500.0/500.0
[00:00:00.001] 【系统提示】游戏初始化完成，等待图腾选择...
[00:00:00.500] 【图腾选择】请选择你的图腾。可用图腾包括：
- 狼图腾 (wolf_totem): 敌人阵亡时会增加1个魂魄，我方单位被吞噬增加10个，图腾每5s攻击一次，附带魂魄数*100%的伤害
- 牛图腾 (cow_totem): 受伤充能，5秒一次全屏反击
- 蝙蝠图腾 (bat_totem): 每5秒攻击3个最近的敌人，施加流血标记。攻击流血敌人可回复核心生命
- 毒蛇图腾 (viper_totem): 每5秒对距离最远的3个敌人降下毒液，造成伤害并施加3层中毒
- 蝴蝶图腾 (butterfly_totem): 生成3颗环绕法球，无限穿透。命中敌人造成20伤害并恢复20法力
- 鹰之图腾 (eagle_totem): 暴击时有30%概率触发一次回响，造成等额伤害并施加攻击特效
[00:00:01.200] 【商店刷新】当前商店提供: viper(30金币)，cauldron(35金币)，arrow_frog(80金币)，lucky_cat(100金币)。
[00:00:01.500] 【动作执行】选择图腾: viper_totem
[00:00:01.600] 【图腾选择完成】已选择图腾：viper_totem，游戏开始！
[00:00:01.700] 【状态同步】当前核心血量：500.0/500.0
[00:00:02.000] 【动作执行】购买单位: viper (30金币)
[00:00:02.100] 【单位购买】购买了 viper，放入了 bench 坐标 0
[00:00:02.200] 【状态同步】当前核心血量：500.0/500.0
[00:00:03.000] 【动作执行】部署单位: viper 从 bench 到 grid (1,0)
[00:00:03.100] 【单位部署】viper 被放置在了坐标 (1, 0)
[00:00:03.150] 【BUFF系统】viper 获得了自身赋予的中毒Buff：攻击附加2层中毒
[00:00:03.200] 【状态同步】当前核心血量：650.0/650.0 (单位血量加成: viper +150HP)
[00:00:04.000] 【动作执行】开始第1波战斗
[00:00:04.100] 【波次事件】第 1 波战斗正式开始！
[00:00:04.200] 【敌人出生】敌人 slime 出生于路径点0 (ID: enemy_001) HP: 80
[00:00:04.300] 【敌人出生】敌人 slime 出生于路径点0 (ID: enemy_002) HP: 80
[00:00:04.400] 【敌人出生】敌人 slime 出生于路径点0 (ID: enemy_003) HP: 80
[00:00:04.500] 【敌人出生】敌人 slime 出生于路径点0 (ID: enemy_004) HP: 80
[00:00:04.600] 【敌人出生】敌人 slime 出生于路径点0 (ID: enemy_005) HP: 80
[00:00:04.700] 【敌人出生】敌人 slime 出生于路径点0 (ID: enemy_006) HP: 80
[00:00:04.800] 【波次信息】第1波共生成 6 个 slime 敌人
[00:00:05.000] 【状态同步】当前核心血量：650.0/650.0
[00:00:05.500] 【单位攻击】viper (坐标1,0) 攻击 enemy_001，造成 25 伤害
[00:00:05.550] 【状态效果】enemy_001 被施加 2层中毒Debuff (来源: viper)
[00:00:05.600] 【状态效果】enemy_001 中毒伤害: 20点/秒 (2层 × 10点/秒)
[00:00:06.000] 【图腾触发】毒蛇图腾触发！对最远的3个敌人降下毒液
[00:00:06.100] 【图腾效果】毒液命中 enemy_006，造成 30 伤害
[00:00:06.150] 【状态效果】enemy_006 被施加 3层中毒Debuff (来源: 毒蛇图腾)
[00:00:06.200] 【图腾效果】毒液命中 enemy_005，造成 30 伤害
[00:00:06.250] 【状态效果】enemy_005 被施加 3层中毒Debuff (来源: 毒蛇图腾)
[00:00:06.300] 【图腾效果】毒液命中 enemy_004，造成 30 伤害
[00:00:06.350] 【状态效果】enemy_004 被施加 3层中毒Debuff (来源: 毒蛇图腾)
[00:00:06.500] 【单位攻击】viper (坐标1,0) 攻击 enemy_001，造成 25 伤害
[00:00:06.600] 【状态效果】enemy_001 中毒层数叠加: 2层 → 4层
[00:00:07.000] 【状态效果】enemy_001 中毒伤害: 40点/秒 (4层 × 10点/秒)
[00:00:07.500] 【单位攻击】viper (坐标1,0) 攻击 enemy_002，造成 25 伤害
[00:00:07.550] 【状态效果】enemy_002 被施加 2层中毒Debuff (来源: viper)
[00:00:08.000] 【状态效果】enemy_006 中毒伤害: 30点/秒 (3层 × 10点/秒)
[00:00:08.500] 【单位攻击】viper (坐标1,0) 攻击 enemy_001，造成 25 伤害
[00:00:08.600] 【敌方阵亡】敌人 slime (ID: enemy_001) 被消灭了。击杀奖励: +1金币
[00:00:09.000] 【核心受击】图腾核心受到了 30 点伤害！当前血量 620.0/650.0 (来源: enemy_002)
[00:00:09.500] 【单位攻击】viper (坐标1,0) 攻击 enemy_002，造成 25 伤害
[00:00:09.550] 【状态效果】enemy_002 中毒层数叠加: 2层 → 4层
[00:00:10.000] 【状态同步】当前核心血量：620.0/650.0
[00:00:10.500] 【单位攻击】viper (坐标1,0) 攻击 enemy_003，造成 25 伤害
[00:00:10.550] 【状态效果】enemy_003 被施加 2层中毒Debuff (来源: viper)
[00:00:11.000] 【图腾触发】毒蛇图腾触发！对最远的3个敌人降下毒液
[00:00:11.100] 【图腾效果】毒液命中 enemy_006，造成 30 伤害
[00:00:11.150] 【状态效果】enemy_006 中毒层数叠加: 3层 → 6层
[00:00:11.200] 【图腾效果】毒液命中 enemy_005，造成 30 伤害
[00:00:11.250] 【状态效果】enemy_005 中毒层数叠加: 3层 → 6层
[00:00:11.300] 【图腾效果】毒液命中 enemy_004，造成 30 伤害
[00:00:11.350] 【状态效果】enemy_004 中毒层数叠加: 3层 → 6层
[00:00:11.500] 【单位攻击】viper (坐标1,0) 攻击 enemy_002，造成 25 伤害
[00:00:11.600] 【敌方阵亡】敌人 slime (ID: enemy_002) 被消灭了。击杀奖励: +1金币
[00:00:12.000] 【核心受击】图腾核心受到了 30 点伤害！当前血量 590.0/650.0 (来源: enemy_003)
[00:00:12.500] 【单位攻击】viper (坐标1,0) 攻击 enemy_003，造成 25 伤害
[00:00:12.550] 【状态效果】enemy_003 中毒层数叠加: 2层 → 4层
[00:00:13.000] 【状态效果】enemy_006 中毒伤害: 60点/秒 (6层 × 10点/秒)
[00:00:13.500] 【单位攻击】viper (坐标1,0) 攻击 enemy_003，造成 25 伤害
[00:00:13.600] 【敌方阵亡】敌人 slime (ID: enemy_003) 被消灭了。击杀奖励: +1金币
[00:00:14.000] 【核心受击】图腾核心受到了 30 点伤害！当前血量 560.0/650.0 (来源: enemy_004)
[00:00:14.500] 【单位攻击】viper (坐标1,0) 攻击 enemy_004，造成 25 伤害
[00:00:14.550] 【状态效果】enemy_004 中毒层数叠加: 6层 → 8层
[00:00:15.000] 【状态同步】当前核心血量：560.0/650.0
[00:00:15.500] 【单位攻击】viper (坐标1,0) 攻击 enemy_004，造成 25 伤害
[00:00:15.600] 【敌方阵亡】敌人 slime (ID: enemy_004) 被消灭了。击杀奖励: +1金币
[00:00:16.000] 【核心受击】图腾核心受到了 30 点伤害！当前血量 530.0/650.0 (来源: enemy_005)
[00:00:16.500] 【单位攻击】viper (坐标1,0) 攻击 enemy_005，造成 25 伤害
[00:00:16.550] 【状态效果】enemy_005 中毒层数叠加: 6层 → 8层
[00:00:17.000] 【状态效果】enemy_005 中毒伤害: 80点/秒 (8层 × 10点/秒)
[00:00:17.500] 【单位攻击】viper (坐标1,0) 攻击 enemy_005，造成 25 伤害
[00:00:17.600] 【敌方阵亡】敌人 slime (ID: enemy_005) 被消灭了。击杀奖励: +1金币
[00:00:18.000] 【核心受击】图腾核心受到了 30 点伤害！当前血量 500.0/650.0 (来源: enemy_006)
[00:00:18.500] 【单位攻击】viper (坐标1,0) 攻击 enemy_006，造成 25 伤害
[00:00:18.550] 【状态效果】enemy_006 中毒层数叠加: 6层 → 8层
[00:00:19.000] 【状态效果】enemy_006 中毒伤害: 80点/秒 (8层 × 10点/秒)
[00:00:19.500] 【单位攻击】viper (坐标1,0) 攻击 enemy_006，造成 25 伤害
[00:00:19.600] 【敌方阵亡】敌人 slime (ID: enemy_006) 被消灭了。击杀奖励: +1金币
[00:00:20.000] 【状态同步】当前核心血量：500.0/650.0
[00:00:20.100] 【波次事件】第 1 波战斗结束！剩余核心血量: 500.0/650.0
[00:00:20.200] 【波次统计】第1波统计:
- 生成敌人: 6 个 slime
- 击杀敌人: 6 个
- 核心受击次数: 6 次
- 核心受到伤害: 180 (每次30伤害)
- 剩余血量: 500.0/650.0
[00:00:20.300] 【验证结果】第1波难度验证通过:
- 敌人数量: 6个 (预期: 6个) ✅
- 单次伤害: 30 (预期: 30) ✅
- 总伤害: 180 (预期: 180) ✅
- 核心剩余: 500 (预期: 500) ✅
[00:00:20.400] 【波次奖励】波次结束奖励: 25金币 (20基础 + 5×波次)
[00:00:20.500] 【法力回复】波次结束，法力回复至 1000/1000
[00:00:21.000] 【商店刷新】当前商店提供: spider(40金币)，scorpion(50金币)，rat(45金币)，medusa(120金币)。
[00:00:21.100] 【系统提示】第1波顺利通过！进入备战阶段...
[00:00:21.500] 【日志埋点验证】
[00:00:21.600] ✅ 敌人出生日志: 已记录6个slime出生事件
[00:00:21.700] ✅ 核心受击日志: 已记录6次受击，每次30伤害
[00:00:21.800] ✅ 单位攻击日志: 已记录viper的多次攻击事件
[00:00:21.900] ✅ 敌方阵亡日志: 已记录6个slime阵亡事件
[00:00:22.000] ✅ 图腾触发日志: 已记录2次毒蛇图腾触发事件
[00:00:22.100] ✅ 状态效果日志: 已记录中毒施加、层数叠加、伤害事件
[00:00:22.200] 【测试结论】毒蛇图腾开局第1波跑测完成，所有验证项通过，无代码级崩溃
