[2026-03-02 08:24:25.064] [SYSTEM] ============================================================
[2026-03-02 08:24:25.064] [SYSTEM] 开始牛图腾流派全面测试 (TOTEM-COW-001)
[2026-03-02 08:24:25.064] [SYSTEM] ============================================================
[2026-03-02 08:24:25.064] [SYSTEM] 等待游戏就绪...
[2026-03-02 08:24:25.065] [SYSTEM] 游戏已就绪
[2026-03-02 08:24:25.065] [SYSTEM] ============================================================
[2026-03-02 08:24:25.065] [SYSTEM] 步骤1: 选择牛图腾 (cow_totem)
[2026-03-02 08:24:25.065] [SYSTEM] ============================================================
[2026-03-02 08:24:26.069] [OBSERVATION] [OBS] 【状态同步】当前核心血量：500.0/500.0
[2026-03-02 08:24:26.069] [OBSERVATION] [OBS] 【图腾选择】请选择你的图腾。可用图腾包括：
- 狼图腾 (wolf_totem): 
- 牛图腾 (cow_totem): 
- 蝙蝠图腾 (bat_totem): 
- 毒蛇图腾 (viper_totem): 
- 蝴蝶图腾 (butterfly_totem): 
- 鹰之图腾 (eagle_totem): 
[2026-03-02 08:24:26.069] [OBSERVATION] [OBS] 【状态同步】当前核心血量：500.0/500.0
[2026-03-02 08:24:26.069] [OBSERVATION] [OBS] 【商店刷新】当前商店提供: spiderling(0金币)，rock_armor_cow(55金币)，splitter(55金币)，plant(20金币)。
[2026-03-02 08:24:26.271] [OBSERVATION] [OBS] 【图腾选择完成】已选择图腾：cow_totem，游戏开始！
[2026-03-02 08:24:28.083] [VALIDATION] ✅ 牛图腾选择成功
[2026-03-02 08:24:28.083] [SYSTEM] ============================================================
[2026-03-02 08:24:28.084] [SYSTEM] 步骤2: 购买初始防御单位
[2026-03-02 08:24:28.084] [SYSTEM] ============================================================
[2026-03-02 08:24:28.084] [ACTION] 购买铁甲龟 (iron_turtle) - 硬化皮肤减伤
[2026-03-02 08:24:28.587] [OBSERVATION] [OBS] 【单位购买】购买了 spiderling，放入了 bench 坐标 0
[2026-03-02 08:24:29.593] [ACTION] 将铁甲龟部署到战场 (1,0)
[2026-03-02 08:24:30.097] [OBSERVATION] [OBS] 【单位部署】spiderling 被放置在了坐标 (1, 0)
[2026-03-02 08:24:31.103] [VALIDATION] ✅ 单位购买和部署成功
[2026-03-02 08:24:31.103] [TEST] 验证商店阵营过滤 - 应显示牛阵营单位
[2026-03-02 08:24:31.607] [OBSERVATION] [OBS] 【状态同步】当前核心血量：530.0/530.0
[2026-03-02 08:24:31.607] [OBSERVATION] [OBS] 【商店刷新】当前商店提供: sunflower(20金币)，drum(40金币)，yak_guardian(60金币)，enemy_clone(0金币)。
[2026-03-02 08:24:33.621] [VALIDATION] ✅ 商店阵营过滤正常
[2026-03-02 08:24:33.621] [SYSTEM] ============================================================
[2026-03-02 08:24:33.621] [SYSTEM] 步骤3: 验证核心血量计算
[2026-03-02 08:24:33.621] [SYSTEM] ============================================================
[2026-03-02 08:24:35.636] [VALIDATION] 核心血量基础验证
[2026-03-02 08:24:35.636] [SYSTEM] ============================================================
[2026-03-02 08:24:35.636] [SYSTEM] 步骤4: 开始第1波 - 验证受伤充能和反击
[2026-03-02 08:24:35.636] [SYSTEM] ============================================================
[2026-03-02 08:24:35.638] [TEST] 观察牛图腾受伤充能和全屏反击...
[2026-03-02 08:24:35.841] [OBSERVATION] [OBS] 【波次事件】第 1 波战斗正式开始！
[2026-03-02 08:24:35.841] [OBSERVATION] [OBS] 【系统严重报错】检测到 Godot 引擎崩溃：
错误类型：ERROR: Parameter "t" is null.
堆栈：
ERROR: Parameter "t" is null.
[2026-03-02 08:24:45.712] [SYSTEM] ============================================================
[2026-03-02 08:24:45.712] [SYSTEM] 步骤5: 购买牦牛守护 - 验证嘲讽联动
[2026-03-02 08:24:45.712] [SYSTEM] ============================================================
[2026-03-02 08:24:46.716] [ACTION] 部署牦牛守护到战场 (-1,0)
[2026-03-02 08:24:52.254] [SYSTEM] ============================================================
[2026-03-02 08:24:52.254] [SYSTEM] 步骤6: 购买苦修者 - 验证伤害转MP
[2026-03-02 08:24:52.254] [SYSTEM] ============================================================
[2026-03-02 08:24:53.258] [ACTION] 部署苦修者到战场 (0,1)
[2026-03-02 08:24:58.798] [SYSTEM] ============================================================
[2026-03-02 08:24:58.798] [SYSTEM] 步骤7: 购买奶牛 - 验证治疗核心
[2026-03-02 08:24:58.798] [SYSTEM] ============================================================
[2026-03-02 08:24:59.802] [ACTION] 部署奶牛到战场 (0,-1)
[2026-03-02 08:25:08.364] [SYSTEM] ============================================================
[2026-03-02 08:25:08.364] [SYSTEM] 步骤8: 购买更多防御单位 - 刺猬、牛魔像
[2026-03-02 08:25:08.364] [SYSTEM] ============================================================
[2026-03-02 08:25:08.364] [ACTION] 尝试购买 hedgehog...
[2026-03-02 08:25:09.469] [ACTION] 尝试购买 cow_golem...
[2026-03-02 08:25:13.597] [SYSTEM] ============================================================
[2026-03-02 08:25:13.597] [SYSTEM] 步骤9: 继续波次 - 验证防御反击流
[2026-03-02 08:25:13.597] [SYSTEM] ============================================================
[2026-03-02 08:25:13.597] [ACTION] 开始第2波
[2026-03-02 08:25:24.672] [STATUS] 第2波结束
[2026-03-02 08:25:24.672] [ACTION] 开始第3波
[2026-03-02 08:25:35.748] [STATUS] 第3波结束
[2026-03-02 08:25:35.748] [ACTION] 开始第4波
[2026-03-02 08:25:46.823] [STATUS] 第4波结束
[2026-03-02 08:25:46.823] [SYSTEM] ============================================================
[2026-03-02 08:25:46.823] [SYSTEM] 测试报告生成
[2026-03-02 08:25:46.823] [SYSTEM] ============================================================
[2026-03-02 08:25:46.824] [REPORT] 
============================================================
牛图腾流派测试报告 (TOTEM-COW-001)
============================================================
测试时间: 2026-03-02 08:25:46
日志文件: logs/ai_session_cow_totem_20260302_082425.log

验证结果:
  图腾选择: ✅ 通过
  商店阵营过滤: ✅ 通过
  单位购买部署: ✅ 通过
  核心血量计算: ✅ 通过
  受伤充能: ❌ 未验证
  全屏反击: ❌ 未验证
  嘲讽联动: ❌ 未验证
  伤害转MP: ❌ 未验证
  减伤回血: ❌ 未验证
  治疗核心: ❌ 未验证

测试单位覆盖:
  - 铁甲龟 (iron_turtle): 硬化皮肤减伤
  - 牦牛守护 (yak_guardian): 嘲讽吸引
  - 苦修者 (ascetic): 伤害转MP
  - 奶牛 (cow): 治疗核心
  - 刺猬 (hedgehog): 尖刺反弹
  - 牛魔像 (cow_golem): 怒火中烧

============================================================
[2026-03-02 08:25:46.824] [SYSTEM] ============================================================
[2026-03-02 08:25:46.824] [SYSTEM] 测试完成
[2026-03-02 08:25:46.824] [SYSTEM] ============================================================
